<?xml version="1.0" encoding="UTF-8"?>
<!-- Generated by org.testng.reporters.JUnitReportReporter -->
<testsuite skipped="0" hostname="VAIO" name="selenium.qa.auto.modules.TestRunner" tests="2" failures="0" timestamp="2020-05-24T21:41:19 IST" time="262.730" errors="0">
  <testcase name="feature" time="115.584" classname="selenium.qa.auto.modules.TestRunner"/>
  <testcase name="feature" time="147.146" classname="selenium.qa.auto.modules.TestRunner"/>
</testsuite> <!-- selenium.qa.auto.modules.TestRunner -->
